Started GET "/" for ::1 at 2020-02-26 22:30:36 -0500
  [1m[35m (1.7ms)[0m  [1m[34mSELECT sqlite_version(*)[0m
  
ActiveRecord::PendingMigrationError (

Migrations are pending. To resolve this issue, run:

        rails db:migrate RAILS_ENV=development

):
  
activerecord (6.0.2.1) lib/active_record/migration.rb:587:in `check_pending!'
activerecord (6.0.2.1) lib/active_record/migration.rb:564:in `call'
actionpack (6.0.2.1) lib/action_dispatch/middleware/callbacks.rb:27:in `block in call'
activesupport (6.0.2.1) lib/active_support/callbacks.rb:101:in `run_callbacks'
actionpack (6.0.2.1) lib/action_dispatch/middleware/callbacks.rb:26:in `call'
actionpack (6.0.2.1) lib/action_dispatch/middleware/executor.rb:14:in `call'
actionpack (6.0.2.1) lib/action_dispatch/middleware/actionable_exceptions.rb:17:in `call'
actionpack (6.0.2.1) lib/action_dispatch/middleware/debug_exceptions.rb:32:in `call'
actionpack (6.0.2.1) lib/action_dispatch/middleware/show_exceptions.rb:33:in `call'
railties (6.0.2.1) lib/rails/rack/logger.rb:38:in `call_app'
railties (6.0.2.1) lib/rails/rack/logger.rb:26:in `block in call'
activesupport (6.0.2.1) lib/active_support/tagged_logging.rb:80:in `block in tagged'
activesupport (6.0.2.1) lib/active_support/tagged_logging.rb:28:in `tagged'
activesupport (6.0.2.1) lib/active_support/tagged_logging.rb:80:in `tagged'
railties (6.0.2.1) lib/rails/rack/logger.rb:26:in `call'
actionpack (6.0.2.1) lib/action_dispatch/middleware/remote_ip.rb:81:in `call'
actionpack (6.0.2.1) lib/action_dispatch/middleware/request_id.rb:27:in `call'
rack (2.2.2) lib/rack/runtime.rb:22:in `call'
activesupport (6.0.2.1) lib/active_support/cache/strategy/local_cache_middleware.rb:29:in `call'
actionpack (6.0.2.1) lib/action_dispatch/middleware/executor.rb:14:in `call'
actionpack (6.0.2.1) lib/action_dispatch/middleware/static.rb:126:in `call'
rack (2.2.2) lib/rack/sendfile.rb:110:in `call'
actionpack (6.0.2.1) lib/action_dispatch/middleware/host_authorization.rb:83:in `call'
railties (6.0.2.1) lib/rails/engine.rb:526:in `call'
puma (4.3.1) lib/puma/configuration.rb:228:in `call'
puma (4.3.1) lib/puma/server.rb:681:in `handle_request'
puma (4.3.1) lib/puma/server.rb:472:in `process_client'
puma (4.3.1) lib/puma/server.rb:328:in `block in run'
puma (4.3.1) lib/puma/thread_pool.rb:134:in `block in spawn_thread'
  [1m[35m (0.9ms)[0m  [1m[34mSELECT sqlite_version(*)[0m
  [1m[35m (2.1ms)[0m  [1m[35mCREATE TABLE "schema_migrations" ("version" varchar NOT NULL PRIMARY KEY)[0m
  [1m[35m (1.1ms)[0m  [1m[35mCREATE TABLE "ar_internal_metadata" ("key" varchar NOT NULL PRIMARY KEY, "value" varchar, "created_at" datetime(6) NOT NULL, "updated_at" datetime(6) NOT NULL)[0m
  [1m[35m (0.2ms)[0m  [1m[34mSELECT "schema_migrations"."version" FROM "schema_migrations" ORDER BY "schema_migrations"."version" ASC[0m
Migrating to CreateUsers (20200224171636)
  [1m[35m (1.3ms)[0m  [1m[34mSELECT sqlite_version(*)[0m
  [1m[35m (0.9ms)[0m  [1m[34mSELECT "schema_migrations"."version" FROM "schema_migrations" ORDER BY "schema_migrations"."version" ASC[0m
Migrating to CreateUsers (20200224171636)
  [1m[35m (0.9ms)[0m  [1m[34mSELECT sqlite_version(*)[0m
  [1m[35m (0.5ms)[0m  [1m[34mSELECT "schema_migrations"."version" FROM "schema_migrations" ORDER BY "schema_migrations"."version" ASC[0m
Migrating to CreateUsers (20200224171636)
  [1m[35m (1.3ms)[0m  [1m[34mSELECT sqlite_version(*)[0m
  [1m[35m (0.6ms)[0m  [1m[34mSELECT "schema_migrations"."version" FROM "schema_migrations" ORDER BY "schema_migrations"."version" ASC[0m
Migrating to CreateUsers (20200224171636)
  [1m[35m (0.4ms)[0m  [1m[34mSELECT sqlite_version(*)[0m
  [1m[35m (0.1ms)[0m  [1m[34mSELECT "schema_migrations"."version" FROM "schema_migrations" ORDER BY "schema_migrations"."version" ASC[0m
Migrating to CreateUsers (20200224171636)
  [1m[35m (1.0ms)[0m  [1m[34mSELECT sqlite_version(*)[0m
  [1m[35m (0.5ms)[0m  [1m[34mSELECT "schema_migrations"."version" FROM "schema_migrations" ORDER BY "schema_migrations"."version" ASC[0m
Migrating to CreateUsers (20200224171636)
  [1m[35m (0.9ms)[0m  [1m[34mSELECT sqlite_version(*)[0m
  [1m[35m (0.5ms)[0m  [1m[34mSELECT "schema_migrations"."version" FROM "schema_migrations" ORDER BY "schema_migrations"."version" ASC[0m
Migrating to CreateUsers (20200224171636)
  [1m[35m (0.0ms)[0m  [1m[36mbegin transaction[0m
  [1m[35m (0.5ms)[0m  [1m[35mCREATE TABLE "users" ("id" integer PRIMARY KEY AUTOINCREMENT NOT NULL, "email" varchar, "name" varchar, "created_at" datetime(6) NOT NULL, "updated_at" datetime(6) NOT NULL)[0m
  [1m[36mprimary::SchemaMigration Create (0.6ms)[0m  [1m[32mINSERT INTO "schema_migrations" ("version") VALUES (?)[0m  [["version", "20200224171636"]]
  [1m[35m (0.8ms)[0m  [1m[36mcommit transaction[0m
Migrating to CreateStreams (20200224171922)
  [1m[35m (0.1ms)[0m  [1m[36mbegin transaction[0m
  [1m[35m (0.4ms)[0m  [1m[35mCREATE TABLE "streams" ("id" integer PRIMARY KEY AUTOINCREMENT NOT NULL, "name" varchar, "url" varchar, "created_at" datetime(6) NOT NULL, "updated_at" datetime(6) NOT NULL)[0m
  [1m[36mprimary::SchemaMigration Create (0.1ms)[0m  [1m[32mINSERT INTO "schema_migrations" ("version") VALUES (?)[0m  [["version", "20200224171922"]]
  [1m[35m (0.6ms)[0m  [1m[36mcommit transaction[0m
Migrating to CreateMovies (20200224172438)
  [1m[35m (0.8ms)[0m  [1m[34mSELECT sqlite_version(*)[0m
  [1m[35m (0.2ms)[0m  [1m[34mSELECT "schema_migrations"."version" FROM "schema_migrations" ORDER BY "schema_migrations"."version" ASC[0m
Migrating to CreateMovies (20200224172438)
  [1m[35m (0.9ms)[0m  [1m[34mSELECT sqlite_version(*)[0m
  [1m[35m (0.8ms)[0m  [1m[34mSELECT "schema_migrations"."version" FROM "schema_migrations" ORDER BY "schema_migrations"."version" ASC[0m
Migrating to CreateMovies (20200224172438)
  [1m[35m (0.1ms)[0m  [1m[36mbegin transaction[0m
  [1m[35m (0.5ms)[0m  [1m[35mCREATE TABLE "movies" ("id" integer PRIMARY KEY AUTOINCREMENT NOT NULL, "title" varchar, "stream_id" integer NOT NULL, "created_at" datetime(6) NOT NULL, "updated_at" datetime(6) NOT NULL, CONSTRAINT "fk_rails_5c64d8c838"
FOREIGN KEY ("stream_id")
  REFERENCES "streams" ("id")
)[0m
  [1m[35m (0.1ms)[0m  [1m[35mCREATE  INDEX "index_movies_on_stream_id" ON "movies" ("stream_id")[0m
  [1m[36mprimary::SchemaMigration Create (0.8ms)[0m  [1m[32mINSERT INTO "schema_migrations" ("version") VALUES (?)[0m  [["version", "20200224172438"]]
  [1m[35m (1.0ms)[0m  [1m[36mcommit transaction[0m
Migrating to CreateUserStreams (20200224173122)
  [1m[35m (0.0ms)[0m  [1m[36mbegin transaction[0m
  [1m[35m (0.3ms)[0m  [1m[35mCREATE TABLE "user_streams" ("id" integer PRIMARY KEY AUTOINCREMENT NOT NULL, "user_id" integer NOT NULL, "streams_id" integer NOT NULL, "created_at" datetime(6) NOT NULL, "updated_at" datetime(6) NOT NULL, CONSTRAINT "fk_rails_0199176550"
FOREIGN KEY ("user_id")
  REFERENCES "users" ("id")
, CONSTRAINT "fk_rails_fe0dc1e064"
FOREIGN KEY ("streams_id")
  REFERENCES "streams" ("id")
)[0m
  [1m[35m (0.1ms)[0m  [1m[35mCREATE  INDEX "index_user_streams_on_user_id" ON "user_streams" ("user_id")[0m
  [1m[35m (0.1ms)[0m  [1m[35mCREATE  INDEX "index_user_streams_on_streams_id" ON "user_streams" ("streams_id")[0m
  [1m[36mprimary::SchemaMigration Create (0.1ms)[0m  [1m[32mINSERT INTO "schema_migrations" ("version") VALUES (?)[0m  [["version", "20200224173122"]]
  [1m[35m (0.9ms)[0m  [1m[36mcommit transaction[0m
Migrating to CreateScrapers (20200224173539)
  [1m[35m (0.0ms)[0m  [1m[36mbegin transaction[0m
  [1m[35m (0.3ms)[0m  [1m[35mCREATE TABLE "scrapers" ("id" integer PRIMARY KEY AUTOINCREMENT NOT NULL, "created_at" datetime(6) NOT NULL, "updated_at" datetime(6) NOT NULL)[0m
  [1m[36mprimary::SchemaMigration Create (0.1ms)[0m  [1m[32mINSERT INTO "schema_migrations" ("version") VALUES (?)[0m  [["version", "20200224173539"]]
  [1m[35m (0.8ms)[0m  [1m[36mcommit transaction[0m
  [1m[36mActiveRecord::InternalMetadata Load (0.5ms)[0m  [1m[34mSELECT "ar_internal_metadata".* FROM "ar_internal_metadata" WHERE "ar_internal_metadata"."key" = ? LIMIT ?[0m  [["key", "environment"], ["LIMIT", 1]]
  [1m[35m (0.0ms)[0m  [1m[36mbegin transaction[0m
  [1m[36mActiveRecord::InternalMetadata Create (0.7ms)[0m  [1m[32mINSERT INTO "ar_internal_metadata" ("key", "value", "created_at", "updated_at") VALUES (?, ?, ?, ?)[0m  [["key", "environment"], ["value", "development"], ["created_at", "2020-02-28 17:29:49.546376"], ["updated_at", "2020-02-28 17:29:49.546376"]]
  [1m[35m (0.8ms)[0m  [1m[36mcommit transaction[0m
  [1m[35m (0.1ms)[0m  [1m[34mSELECT sqlite_version(*)[0m
  [1m[35m (0.1ms)[0m  [1m[34mSELECT "schema_migrations"."version" FROM "schema_migrations" ORDER BY "schema_migrations"."version" ASC[0m
Started GET "/" for ::1 at 2020-02-28 12:30:13 -0500
  [1m[35m (0.7ms)[0m  [1m[34mSELECT sqlite_version(*)[0m
  [1m[35m (0.5ms)[0m  [1m[34mSELECT "schema_migrations"."version" FROM "schema_migrations" ORDER BY "schema_migrations"."version" ASC[0m
Processing by Rails::WelcomeController#index as HTML
  Rendering /Users/marshoward/.rvm/gems/ruby-2.6.1/gems/railties-6.0.2.1/lib/rails/templates/rails/welcome/index.html.erb
  Rendered /Users/marshoward/.rvm/gems/ruby-2.6.1/gems/railties-6.0.2.1/lib/rails/templates/rails/welcome/index.html.erb (Duration: 8.2ms | Allocations: 316)
Completed 200 OK in 23ms (Views: 13.7ms | ActiveRecord: 0.0ms | Allocations: 1602)


Started GET "/streams" for ::1 at 2020-02-28 12:30:21 -0500
Processing by StreamsController#index as HTML
  [1m[36mStream Load (1.0ms)[0m  [1m[34mSELECT "streams".* FROM "streams"[0m
  ↳ app/controllers/streams_controller.rb:4:in `index'
Completed 200 OK in 21ms (Views: 2.6ms | ActiveRecord: 1.3ms | Allocations: 2725)


  [1m[35m (1.2ms)[0m  [1m[34mSELECT sqlite_version(*)[0m
  [1m[35m (0.9ms)[0m  [1m[34mSELECT "schema_migrations"."version" FROM "schema_migrations" ORDER BY "schema_migrations"."version" ASC[0m
  [1m[35m (0.1ms)[0m  [1m[34mSELECT sqlite_version(*)[0m
  [1m[35m (0.1ms)[0m  [1m[36mbegin transaction[0m
  [1m[36mStream Create (1.7ms)[0m  [1m[32mINSERT INTO "streams" ("name", "url", "created_at", "updated_at") VALUES (?, ?, ?, ?)[0m  [["name", "netflix"], ["url", "http://collider.com/best-movies-on-netflix-streaming/"], ["created_at", "2020-02-28 18:06:24.710269"], ["updated_at", "2020-02-28 18:06:24.710269"]]
  [1m[35m (0.7ms)[0m  [1m[36mcommit transaction[0m
  [1m[35m (0.0ms)[0m  [1m[36mbegin transaction[0m
  [1m[36mStream Create (0.3ms)[0m  [1m[32mINSERT INTO "streams" ("name", "url", "created_at", "updated_at") VALUES (?, ?, ?, ?)[0m  [["name", "hulu"], ["url", "http://collider.com/best-movies-on-hulu-streaming"], ["created_at", "2020-02-28 18:06:24.716077"], ["updated_at", "2020-02-28 18:06:24.716077"]]
  [1m[35m (0.6ms)[0m  [1m[36mcommit transaction[0m
  [1m[35m (0.0ms)[0m  [1m[36mbegin transaction[0m
  [1m[36mStream Create (0.3ms)[0m  [1m[32mINSERT INTO "streams" ("name", "url", "created_at", "updated_at") VALUES (?, ?, ?, ?)[0m  [["name", "amazon"], ["url", "https://collider.com/best-movies-on-amazon-prime/"], ["created_at", "2020-02-28 18:06:24.719588"], ["updated_at", "2020-02-28 18:06:24.719588"]]
  [1m[35m (0.6ms)[0m  [1m[36mcommit transaction[0m
  [1m[35m (0.0ms)[0m  [1m[36mbegin transaction[0m
  [1m[36mStream Create (0.3ms)[0m  [1m[32mINSERT INTO "streams" ("name", "url", "created_at", "updated_at") VALUES (?, ?, ?, ?)[0m  [["name", "hbo"], ["url", "https://collider.com/best-movies-on-hbo/"], ["created_at", "2020-02-28 18:06:24.723024"], ["updated_at", "2020-02-28 18:06:24.723024"]]
  [1m[35m (0.5ms)[0m  [1m[36mcommit transaction[0m
  [1m[35m (0.0ms)[0m  [1m[36mbegin transaction[0m
  [1m[36mStream Create (0.2ms)[0m  [1m[32mINSERT INTO "streams" ("name", "url", "created_at", "updated_at") VALUES (?, ?, ?, ?)[0m  [["name", "disney"], ["url", "https://collider.com/best-movies-on-disney-plus/"], ["created_at", "2020-02-28 18:06:24.726239"], ["updated_at", "2020-02-28 18:06:24.726239"]]
  [1m[35m (0.5ms)[0m  [1m[36mcommit transaction[0m
  [1m[35m (0.0ms)[0m  [1m[36mbegin transaction[0m
  [1m[36mStream Create (0.3ms)[0m  [1m[32mINSERT INTO "streams" ("name", "url", "created_at", "updated_at") VALUES (?, ?, ?, ?)[0m  [["name", "showtime"], ["url", "https://collider.com/best-movies-on-showtime/"], ["created_at", "2020-02-28 18:06:24.729195"], ["updated_at", "2020-02-28 18:06:24.729195"]]
  [1m[35m (0.4ms)[0m  [1m[36mcommit transaction[0m
  [1m[35m (0.0ms)[0m  [1m[36mbegin transaction[0m
  [1m[36mStream Create (0.2ms)[0m  [1m[32mINSERT INTO "streams" ("name", "url", "created_at", "updated_at") VALUES (?, ?, ?, ?)[0m  [["name", "starz"], ["url", "https://reelgood.com/movies/source/starz?filter-sort=1"], ["created_at", "2020-02-28 18:06:24.732039"], ["updated_at", "2020-02-28 18:06:24.732039"]]
  [1m[35m (0.4ms)[0m  [1m[36mcommit transaction[0m
  [1m[35m (0.0ms)[0m  [1m[36mbegin transaction[0m
  [1m[36mStream Create (0.3ms)[0m  [1m[32mINSERT INTO "streams" ("name", "url", "created_at", "updated_at") VALUES (?, ?, ?, ?)[0m  [["name", "cinimax"], ["url", "https://reelgood.com/movies/source/cinemax?filter-sort=1"], ["created_at", "2020-02-28 18:06:24.734814"], ["updated_at", "2020-02-28 18:06:24.734814"]]
  [1m[35m (0.4ms)[0m  [1m[36mcommit transaction[0m
Started GET "/streams" for ::1 at 2020-02-28 13:06:33 -0500
  [1m[35m (0.6ms)[0m  [1m[34mSELECT sqlite_version(*)[0m
  [1m[35m (0.2ms)[0m  [1m[34mSELECT "schema_migrations"."version" FROM "schema_migrations" ORDER BY "schema_migrations"."version" ASC[0m
Processing by StreamsController#index as HTML
  [1m[36mStream Load (0.3ms)[0m  [1m[34mSELECT "streams".* FROM "streams"[0m
  ↳ app/controllers/streams_controller.rb:4:in `index'
Completed 200 OK in 11ms (Views: 5.8ms | ActiveRecord: 0.8ms | Allocations: 6491)


Started GET "/streams/1/movies" for ::1 at 2020-02-28 13:06:45 -0500
  
ActionController::RoutingError (No route matches [GET] "/streams/1/movies"):
  
actionpack (6.0.2.1) lib/action_dispatch/middleware/debug_exceptions.rb:36:in `call'
actionpack (6.0.2.1) lib/action_dispatch/middleware/show_exceptions.rb:33:in `call'
railties (6.0.2.1) lib/rails/rack/logger.rb:38:in `call_app'
railties (6.0.2.1) lib/rails/rack/logger.rb:26:in `block in call'
activesupport (6.0.2.1) lib/active_support/tagged_logging.rb:80:in `block in tagged'
activesupport (6.0.2.1) lib/active_support/tagged_logging.rb:28:in `tagged'
activesupport (6.0.2.1) lib/active_support/tagged_logging.rb:80:in `tagged'
railties (6.0.2.1) lib/rails/rack/logger.rb:26:in `call'
actionpack (6.0.2.1) lib/action_dispatch/middleware/remote_ip.rb:81:in `call'
actionpack (6.0.2.1) lib/action_dispatch/middleware/request_id.rb:27:in `call'
rack (2.2.2) lib/rack/runtime.rb:22:in `call'
activesupport (6.0.2.1) lib/active_support/cache/strategy/local_cache_middleware.rb:29:in `call'
actionpack (6.0.2.1) lib/action_dispatch/middleware/executor.rb:14:in `call'
actionpack (6.0.2.1) lib/action_dispatch/middleware/static.rb:126:in `call'
rack (2.2.2) lib/rack/sendfile.rb:110:in `call'
actionpack (6.0.2.1) lib/action_dispatch/middleware/host_authorization.rb:83:in `call'
railties (6.0.2.1) lib/rails/engine.rb:526:in `call'
puma (4.3.1) lib/puma/configuration.rb:228:in `call'
puma (4.3.1) lib/puma/server.rb:681:in `handle_request'
puma (4.3.1) lib/puma/server.rb:472:in `process_client'
puma (4.3.1) lib/puma/server.rb:328:in `block in run'
puma (4.3.1) lib/puma/thread_pool.rb:134:in `block in spawn_thread'
Started GET "/streams/1/movies" for ::1 at 2020-02-28 13:10:27 -0500
  [1m[35m (0.1ms)[0m  [1m[34mSELECT sqlite_version(*)[0m
Processing by MoviesController#index as HTML
  Parameters: {"stream_id"=>"1"}
  [1m[36mStream Load (0.2ms)[0m  [1m[34mSELECT "streams".* FROM "streams" WHERE "streams"."id" = ? LIMIT ?[0m  [["id", 1], ["LIMIT", 1]]
  ↳ app/controllers/movies_controller.rb:4:in `index'
  [1m[36mStream Load (0.2ms)[0m  [1m[34mSELECT "streams".* FROM "streams" WHERE "streams"."name" = ? LIMIT ?[0m  [["name", "netflix"], ["LIMIT", 1]]
  ↳ app/models/scraper.rb:6:in `get_movies'
Completed 200 OK in 691ms (Views: 0.5ms | ActiveRecord: 1.9ms | Allocations: 42721)


Started GET "/streams/8/movies" for ::1 at 2020-02-28 13:10:37 -0500
Processing by MoviesController#index as HTML
  Parameters: {"stream_id"=>"8"}
  [1m[36mStream Load (0.2ms)[0m  [1m[34mSELECT "streams".* FROM "streams" WHERE "streams"."id" = ? LIMIT ?[0m  [["id", 8], ["LIMIT", 1]]
  ↳ app/controllers/movies_controller.rb:4:in `index'
  [1m[36mStream Load (0.2ms)[0m  [1m[34mSELECT "streams".* FROM "streams" WHERE "streams"."name" = ? LIMIT ?[0m  [["name", "cinimax"], ["LIMIT", 1]]
  ↳ app/models/scraper.rb:6:in `get_movies'
Completed 200 OK in 3173ms (Views: 0.1ms | ActiveRecord: 0.5ms | Allocations: 20476)


Started GET "/streams/7/movies" for ::1 at 2020-02-28 13:10:47 -0500
Processing by MoviesController#index as HTML
  Parameters: {"stream_id"=>"7"}
  [1m[36mStream Load (0.1ms)[0m  [1m[34mSELECT "streams".* FROM "streams" WHERE "streams"."id" = ? LIMIT ?[0m  [["id", 7], ["LIMIT", 1]]
  ↳ app/controllers/movies_controller.rb:4:in `index'
  [1m[36mStream Load (0.1ms)[0m  [1m[34mSELECT "streams".* FROM "streams" WHERE "streams"."name" = ? LIMIT ?[0m  [["name", "starz"], ["LIMIT", 1]]
  ↳ app/models/scraper.rb:6:in `get_movies'
Completed 200 OK in 2293ms (Views: 0.1ms | ActiveRecord: 0.2ms | Allocations: 18944)


Started GET "/streams/4/movies" for ::1 at 2020-02-28 13:17:06 -0500
  [1m[35m (0.3ms)[0m  [1m[34mSELECT sqlite_version(*)[0m
Processing by MoviesController#index as HTML
  Parameters: {"stream_id"=>"4"}
  [1m[36mStream Load (0.2ms)[0m  [1m[34mSELECT "streams".* FROM "streams" WHERE "streams"."id" = ? LIMIT ?[0m  [["id", 4], ["LIMIT", 1]]
  ↳ app/controllers/movies_controller.rb:4:in `index'
  [1m[36mStream Load (0.2ms)[0m  [1m[34mSELECT "streams".* FROM "streams" WHERE "streams"."name" = ? LIMIT ?[0m  [["name", "hbo"], ["LIMIT", 1]]
  ↳ app/models/scraper.rb:6:in `get_movies'
Completed 200 OK in 1312ms (Views: 1.1ms | ActiveRecord: 0.4ms | Allocations: 6827)


Started GET "/streams/4/movies" for ::1 at 2020-02-28 13:21:55 -0500
  [1m[35m (0.1ms)[0m  [1m[34mSELECT sqlite_version(*)[0m
Processing by MoviesController#index as HTML
  Parameters: {"stream_id"=>"4"}
  [1m[36mStream Load (0.1ms)[0m  [1m[34mSELECT "streams".* FROM "streams" WHERE "streams"."id" = ? LIMIT ?[0m  [["id", 4], ["LIMIT", 1]]
  ↳ app/controllers/movies_controller.rb:4:in `index'
  [1m[36mStream Load (0.2ms)[0m  [1m[34mSELECT "streams".* FROM "streams" WHERE "streams"."name" = ? LIMIT ?[0m  [["name", "hbo"], ["LIMIT", 1]]
  ↳ app/models/scraper.rb:6:in `get_movies'
Completed 200 OK in 850ms (Views: 0.2ms | ActiveRecord: 1.9ms | Allocations: 16880)


Started GET "/streams/5/movies" for ::1 at 2020-02-28 13:22:02 -0500
Processing by MoviesController#index as HTML
  Parameters: {"stream_id"=>"5"}
  [1m[36mStream Load (0.4ms)[0m  [1m[34mSELECT "streams".* FROM "streams" WHERE "streams"."id" = ? LIMIT ?[0m  [["id", 5], ["LIMIT", 1]]
  ↳ app/controllers/movies_controller.rb:4:in `index'
  [1m[36mStream Load (0.1ms)[0m  [1m[34mSELECT "streams".* FROM "streams" WHERE "streams"."name" = ? LIMIT ?[0m  [["name", "disney"], ["LIMIT", 1]]
  ↳ app/models/scraper.rb:6:in `get_movies'
Completed 200 OK in 337ms (Views: 0.3ms | ActiveRecord: 0.5ms | Allocations: 9279)


Started GET "/streams/8/movies" for ::1 at 2020-02-28 13:22:12 -0500
Processing by MoviesController#index as HTML
  Parameters: {"stream_id"=>"8"}
  [1m[36mStream Load (0.1ms)[0m  [1m[34mSELECT "streams".* FROM "streams" WHERE "streams"."id" = ? LIMIT ?[0m  [["id", 8], ["LIMIT", 1]]
  ↳ app/controllers/movies_controller.rb:4:in `index'
  [1m[36mStream Load (0.1ms)[0m  [1m[34mSELECT "streams".* FROM "streams" WHERE "streams"."name" = ? LIMIT ?[0m  [["name", "cinimax"], ["LIMIT", 1]]
  ↳ app/models/scraper.rb:6:in `get_movies'
Completed 500 Internal Server Error in 2361ms (ActiveRecord: 0.2ms | Allocations: 22544)


  
NameError (undefined local variable or method `movie_title' for #<Scraper id: nil, created_at: nil, updated_at: nil>):
  
app/models/scraper.rb:37:in `block in get_movies'
app/models/scraper.rb:35:in `get_movies'
app/controllers/movies_controller.rb:4:in `index'
Started GET "/streams/8/movies" for ::1 at 2020-02-28 13:23:50 -0500
  [1m[35m (0.1ms)[0m  [1m[34mSELECT sqlite_version(*)[0m
Processing by MoviesController#index as HTML
  Parameters: {"stream_id"=>"8"}
  [1m[36mStream Load (0.1ms)[0m  [1m[34mSELECT "streams".* FROM "streams" WHERE "streams"."id" = ? LIMIT ?[0m  [["id", 8], ["LIMIT", 1]]
  ↳ app/controllers/movies_controller.rb:4:in `index'
  [1m[36mStream Load (0.2ms)[0m  [1m[34mSELECT "streams".* FROM "streams" WHERE "streams"."name" = ? LIMIT ?[0m  [["name", "cinimax"], ["LIMIT", 1]]
  ↳ app/models/scraper.rb:6:in `get_movies'
Completed 200 OK in 2236ms (Views: 5.9ms | ActiveRecord: 2.1ms | Allocations: 85954)


Started GET "/streams/8/movies" for ::1 at 2020-02-28 13:28:51 -0500
  [1m[35m (0.2ms)[0m  [1m[34mSELECT sqlite_version(*)[0m
Processing by MoviesController#index as HTML
  Parameters: {"stream_id"=>"8"}
  [1m[36mStream Load (0.4ms)[0m  [1m[34mSELECT "streams".* FROM "streams" WHERE "streams"."id" = ? LIMIT ?[0m  [["id", 8], ["LIMIT", 1]]
  ↳ app/controllers/movies_controller.rb:4:in `index'
  [1m[36mStream Load (0.3ms)[0m  [1m[34mSELECT "streams".* FROM "streams" WHERE "streams"."name" = ? LIMIT ?[0m  [["name", "cinimax"], ["LIMIT", 1]]
  ↳ app/models/scraper.rb:6:in `get_movies'
Completed 200 OK in 3935ms (Views: 0.4ms | ActiveRecord: 4.7ms | Allocations: 33466)


Started GET "/streams/8/movies/1" for ::1 at 2020-02-28 13:29:04 -0500
  
AbstractController::ActionNotFound (The action 'show' could not be found for MoviesController):
  
actionpack (6.0.2.1) lib/abstract_controller/base.rb:131:in `process'
actionpack (6.0.2.1) lib/action_controller/metal.rb:191:in `dispatch'
actionpack (6.0.2.1) lib/action_controller/metal.rb:252:in `dispatch'
actionpack (6.0.2.1) lib/action_dispatch/routing/route_set.rb:51:in `dispatch'
actionpack (6.0.2.1) lib/action_dispatch/routing/route_set.rb:33:in `serve'
actionpack (6.0.2.1) lib/action_dispatch/journey/router.rb:49:in `block in serve'
actionpack (6.0.2.1) lib/action_dispatch/journey/router.rb:32:in `each'
actionpack (6.0.2.1) lib/action_dispatch/journey/router.rb:32:in `serve'
actionpack (6.0.2.1) lib/action_dispatch/routing/route_set.rb:837:in `call'
rack (2.2.2) lib/rack/etag.rb:27:in `call'
rack (2.2.2) lib/rack/conditional_get.rb:27:in `call'
rack (2.2.2) lib/rack/head.rb:12:in `call'
activerecord (6.0.2.1) lib/active_record/migration.rb:567:in `call'
actionpack (6.0.2.1) lib/action_dispatch/middleware/callbacks.rb:27:in `block in call'
activesupport (6.0.2.1) lib/active_support/callbacks.rb:101:in `run_callbacks'
actionpack (6.0.2.1) lib/action_dispatch/middleware/callbacks.rb:26:in `call'
actionpack (6.0.2.1) lib/action_dispatch/middleware/executor.rb:14:in `call'
actionpack (6.0.2.1) lib/action_dispatch/middleware/actionable_exceptions.rb:17:in `call'
actionpack (6.0.2.1) lib/action_dispatch/middleware/debug_exceptions.rb:32:in `call'
actionpack (6.0.2.1) lib/action_dispatch/middleware/show_exceptions.rb:33:in `call'
railties (6.0.2.1) lib/rails/rack/logger.rb:38:in `call_app'
railties (6.0.2.1) lib/rails/rack/logger.rb:26:in `block in call'
activesupport (6.0.2.1) lib/active_support/tagged_logging.rb:80:in `block in tagged'
activesupport (6.0.2.1) lib/active_support/tagged_logging.rb:28:in `tagged'
activesupport (6.0.2.1) lib/active_support/tagged_logging.rb:80:in `tagged'
railties (6.0.2.1) lib/rails/rack/logger.rb:26:in `call'
actionpack (6.0.2.1) lib/action_dispatch/middleware/remote_ip.rb:81:in `call'
actionpack (6.0.2.1) lib/action_dispatch/middleware/request_id.rb:27:in `call'
rack (2.2.2) lib/rack/runtime.rb:22:in `call'
activesupport (6.0.2.1) lib/active_support/cache/strategy/local_cache_middleware.rb:29:in `call'
actionpack (6.0.2.1) lib/action_dispatch/middleware/executor.rb:14:in `call'
actionpack (6.0.2.1) lib/action_dispatch/middleware/static.rb:126:in `call'
rack (2.2.2) lib/rack/sendfile.rb:110:in `call'
actionpack (6.0.2.1) lib/action_dispatch/middleware/host_authorization.rb:83:in `call'
railties (6.0.2.1) lib/rails/engine.rb:526:in `call'
puma (4.3.1) lib/puma/configuration.rb:228:in `call'
puma (4.3.1) lib/puma/server.rb:681:in `handle_request'
puma (4.3.1) lib/puma/server.rb:472:in `process_client'
puma (4.3.1) lib/puma/server.rb:328:in `block in run'
puma (4.3.1) lib/puma/thread_pool.rb:134:in `block in spawn_thread'
Started GET "/streams/7/movies" for ::1 at 2020-02-28 13:30:18 -0500
Processing by MoviesController#index as HTML
  Parameters: {"stream_id"=>"7"}
  [1m[36mStream Load (0.2ms)[0m  [1m[34mSELECT "streams".* FROM "streams" WHERE "streams"."id" = ? LIMIT ?[0m  [["id", 7], ["LIMIT", 1]]
  ↳ app/controllers/movies_controller.rb:4:in `index'
  [1m[36mStream Load (0.2ms)[0m  [1m[34mSELECT "streams".* FROM "streams" WHERE "streams"."name" = ? LIMIT ?[0m  [["name", "starz"], ["LIMIT", 1]]
  ↳ app/models/scraper.rb:6:in `get_movies'
Completed 200 OK in 2389ms (Views: 0.3ms | ActiveRecord: 0.4ms | Allocations: 22898)


Started GET "/streams/6/movies" for ::1 at 2020-02-28 13:30:28 -0500
Processing by MoviesController#index as HTML
  Parameters: {"stream_id"=>"6"}
  [1m[36mStream Load (0.1ms)[0m  [1m[34mSELECT "streams".* FROM "streams" WHERE "streams"."id" = ? LIMIT ?[0m  [["id", 6], ["LIMIT", 1]]
  ↳ app/controllers/movies_controller.rb:4:in `index'
  [1m[36mStream Load (0.2ms)[0m  [1m[34mSELECT "streams".* FROM "streams" WHERE "streams"."name" = ? LIMIT ?[0m  [["name", "showtime"], ["LIMIT", 1]]
  ↳ app/models/scraper.rb:6:in `get_movies'
Completed 200 OK in 1255ms (Views: 31.7ms | ActiveRecord: 0.3ms | Allocations: 6561)


Started GET "/" for ::1 at 2020-02-28 13:30:35 -0500
Processing by Rails::WelcomeController#index as HTML
  Rendering /Users/marshoward/.rvm/gems/ruby-2.6.1/gems/railties-6.0.2.1/lib/rails/templates/rails/welcome/index.html.erb
  Rendered /Users/marshoward/.rvm/gems/ruby-2.6.1/gems/railties-6.0.2.1/lib/rails/templates/rails/welcome/index.html.erb (Duration: 7.0ms | Allocations: 201)
Completed 200 OK in 9ms (Views: 7.8ms | ActiveRecord: 0.0ms | Allocations: 867)


Started GET "/streams" for ::1 at 2020-02-28 13:30:38 -0500
Processing by StreamsController#index as HTML
  [1m[36mStream Load (0.3ms)[0m  [1m[34mSELECT "streams".* FROM "streams"[0m
  ↳ app/controllers/streams_controller.rb:4:in `index'
Completed 200 OK in 8ms (Views: 7.0ms | ActiveRecord: 0.3ms | Allocations: 1941)


Started GET "/streams/7/movies" for ::1 at 2020-02-28 13:31:23 -0500
Processing by MoviesController#index as HTML
  Parameters: {"stream_id"=>"7"}
  [1m[36mStream Load (0.2ms)[0m  [1m[34mSELECT "streams".* FROM "streams" WHERE "streams"."id" = ? LIMIT ?[0m  [["id", 7], ["LIMIT", 1]]
  ↳ app/controllers/movies_controller.rb:4:in `index'
  [1m[36mStream Load (0.1ms)[0m  [1m[34mSELECT "streams".* FROM "streams" WHERE "streams"."name" = ? LIMIT ?[0m  [["name", "starz"], ["LIMIT", 1]]
  ↳ app/models/scraper.rb:6:in `get_movies'
Completed 200 OK in 2114ms (Views: 0.4ms | ActiveRecord: 0.3ms | Allocations: 22346)


Started GET "/streams/8/movies" for ::1 at 2020-02-28 13:31:34 -0500
Processing by MoviesController#index as HTML
  Parameters: {"stream_id"=>"8"}
  [1m[36mStream Load (0.2ms)[0m  [1m[34mSELECT "streams".* FROM "streams" WHERE "streams"."id" = ? LIMIT ?[0m  [["id", 8], ["LIMIT", 1]]
  ↳ app/controllers/movies_controller.rb:4:in `index'
  [1m[36mStream Load (0.1ms)[0m  [1m[34mSELECT "streams".* FROM "streams" WHERE "streams"."name" = ? LIMIT ?[0m  [["name", "cinimax"], ["LIMIT", 1]]
  ↳ app/models/scraper.rb:6:in `get_movies'
Completed 200 OK in 2621ms (Views: 29.1ms | ActiveRecord: 0.4ms | Allocations: 23016)


Started GET "/streams/3/movies" for ::1 at 2020-02-28 13:32:23 -0500
  [1m[35m (0.1ms)[0m  [1m[34mSELECT sqlite_version(*)[0m
Processing by MoviesController#index as HTML
  Parameters: {"stream_id"=>"3"}
  [1m[36mStream Load (0.2ms)[0m  [1m[34mSELECT "streams".* FROM "streams" WHERE "streams"."id" = ? LIMIT ?[0m  [["id", 3], ["LIMIT", 1]]
  ↳ app/controllers/movies_controller.rb:4:in `index'
  [1m[36mStream Load (0.2ms)[0m  [1m[34mSELECT "streams".* FROM "streams" WHERE "streams"."name" = ? LIMIT ?[0m  [["name", "amazon"], ["LIMIT", 1]]
  ↳ app/models/scraper.rb:6:in `get_movies'
Completed 200 OK in 1152ms (Views: 1.0ms | ActiveRecord: 3.9ms | Allocations: 20695)


Started GET "/streams/2/movies" for ::1 at 2020-02-28 13:32:52 -0500
Processing by MoviesController#index as HTML
  Parameters: {"stream_id"=>"2"}
  [1m[36mStream Load (0.2ms)[0m  [1m[34mSELECT "streams".* FROM "streams" WHERE "streams"."id" = ? LIMIT ?[0m  [["id", 2], ["LIMIT", 1]]
  ↳ app/controllers/movies_controller.rb:4:in `index'
  [1m[36mStream Load (0.1ms)[0m  [1m[34mSELECT "streams".* FROM "streams" WHERE "streams"."name" = ? LIMIT ?[0m  [["name", "hulu"], ["LIMIT", 1]]
  ↳ app/models/scraper.rb:6:in `get_movies'
Completed 200 OK in 2055ms (Views: 0.2ms | ActiveRecord: 0.4ms | Allocations: 11565)


Started GET "/streams/2/movies" for ::1 at 2020-02-28 13:33:07 -0500
  [1m[35m (0.1ms)[0m  [1m[34mSELECT sqlite_version(*)[0m
Processing by MoviesController#index as HTML
  Parameters: {"stream_id"=>"2"}
  [1m[36mStream Load (0.1ms)[0m  [1m[34mSELECT "streams".* FROM "streams" WHERE "streams"."id" = ? LIMIT ?[0m  [["id", 2], ["LIMIT", 1]]
  ↳ app/controllers/movies_controller.rb:4:in `index'
  [1m[36mStream Load (0.1ms)[0m  [1m[34mSELECT "streams".* FROM "streams" WHERE "streams"."name" = ? LIMIT ?[0m  [["name", "hulu"], ["LIMIT", 1]]
  ↳ app/models/scraper.rb:6:in `get_movies'
Completed 200 OK in 702ms (Views: 0.3ms | ActiveRecord: 1.5ms | Allocations: 21556)


Started GET "/streams/4/movies" for ::1 at 2020-02-28 13:33:28 -0500
Processing by MoviesController#index as HTML
  Parameters: {"stream_id"=>"4"}
  [1m[36mStream Load (0.2ms)[0m  [1m[34mSELECT "streams".* FROM "streams" WHERE "streams"."id" = ? LIMIT ?[0m  [["id", 4], ["LIMIT", 1]]
  ↳ app/controllers/movies_controller.rb:4:in `index'
  [1m[36mStream Load (0.2ms)[0m  [1m[34mSELECT "streams".* FROM "streams" WHERE "streams"."name" = ? LIMIT ?[0m  [["name", "hbo"], ["LIMIT", 1]]
  ↳ app/models/scraper.rb:6:in `get_movies'
Completed 200 OK in 450ms (Views: 0.2ms | ActiveRecord: 0.4ms | Allocations: 6779)


Started GET "/streams/4/movies" for ::1 at 2020-02-28 13:34:15 -0500
  [1m[35m (0.1ms)[0m  [1m[34mSELECT sqlite_version(*)[0m
Processing by MoviesController#index as HTML
  Parameters: {"stream_id"=>"4"}
  [1m[36mStream Load (0.2ms)[0m  [1m[34mSELECT "streams".* FROM "streams" WHERE "streams"."id" = ? LIMIT ?[0m  [["id", 4], ["LIMIT", 1]]
  ↳ app/controllers/movies_controller.rb:4:in `index'
  [1m[36mStream Load (0.2ms)[0m  [1m[34mSELECT "streams".* FROM "streams" WHERE "streams"."name" = ? LIMIT ?[0m  [["name", "hbo"], ["LIMIT", 1]]
  ↳ app/models/scraper.rb:6:in `get_movies'
Completed 200 OK in 352ms (Views: 0.3ms | ActiveRecord: 1.7ms | Allocations: 16805)


Started GET "/streams/1/movies" for ::1 at 2020-02-28 13:34:22 -0500
Processing by MoviesController#index as HTML
  Parameters: {"stream_id"=>"1"}
  [1m[36mStream Load (0.2ms)[0m  [1m[34mSELECT "streams".* FROM "streams" WHERE "streams"."id" = ? LIMIT ?[0m  [["id", 1], ["LIMIT", 1]]
  ↳ app/controllers/movies_controller.rb:4:in `index'
  [1m[36mStream Load (0.2ms)[0m  [1m[34mSELECT "streams".* FROM "streams" WHERE "streams"."name" = ? LIMIT ?[0m  [["name", "netflix"], ["LIMIT", 1]]
  ↳ app/models/scraper.rb:6:in `get_movies'
Completed 200 OK in 467ms (Views: 15.7ms | ActiveRecord: 0.4ms | Allocations: 14088)


Started GET "/streams/7/movies" for ::1 at 2020-02-28 13:34:27 -0500
Processing by MoviesController#index as HTML
  Parameters: {"stream_id"=>"7"}
  [1m[36mStream Load (0.2ms)[0m  [1m[34mSELECT "streams".* FROM "streams" WHERE "streams"."id" = ? LIMIT ?[0m  [["id", 7], ["LIMIT", 1]]
  ↳ app/controllers/movies_controller.rb:4:in `index'
  [1m[36mStream Load (0.1ms)[0m  [1m[34mSELECT "streams".* FROM "streams" WHERE "streams"."name" = ? LIMIT ?[0m  [["name", "starz"], ["LIMIT", 1]]
  ↳ app/models/scraper.rb:6:in `get_movies'
Completed 200 OK in 1364ms (Views: 0.2ms | ActiveRecord: 0.3ms | Allocations: 22925)


Started GET "/streams/8/movies" for ::1 at 2020-02-28 13:34:34 -0500
Processing by MoviesController#index as HTML
  Parameters: {"stream_id"=>"8"}
  [1m[36mStream Load (0.2ms)[0m  [1m[34mSELECT "streams".* FROM "streams" WHERE "streams"."id" = ? LIMIT ?[0m  [["id", 8], ["LIMIT", 1]]
  ↳ app/controllers/movies_controller.rb:4:in `index'
  [1m[36mStream Load (0.2ms)[0m  [1m[34mSELECT "streams".* FROM "streams" WHERE "streams"."name" = ? LIMIT ?[0m  [["name", "cinimax"], ["LIMIT", 1]]
  ↳ app/models/scraper.rb:6:in `get_movies'
Completed 200 OK in 1685ms (Views: 0.2ms | ActiveRecord: 0.3ms | Allocations: 23058)


Started GET "/streams/8/movies" for ::1 at 2020-02-28 13:36:09 -0500
Processing by MoviesController#index as HTML
  Parameters: {"stream_id"=>"8"}
  [1m[36mStream Load (1.1ms)[0m  [1m[34mSELECT "streams".* FROM "streams" WHERE "streams"."id" = ? LIMIT ?[0m  [["id", 8], ["LIMIT", 1]]
  ↳ app/controllers/movies_controller.rb:4:in `index'
  [1m[36mStream Load (0.2ms)[0m  [1m[34mSELECT "streams".* FROM "streams" WHERE "streams"."name" = ? LIMIT ?[0m  [["name", "cinimax"], ["LIMIT", 1]]
  ↳ app/models/scraper.rb:6:in `get_movies'
Completed 200 OK in 1108ms (Views: 0.4ms | ActiveRecord: 1.3ms | Allocations: 23269)


Started GET "/streams/7/movies" for ::1 at 2020-02-28 13:36:22 -0500
Processing by MoviesController#index as HTML
  Parameters: {"stream_id"=>"7"}
  [1m[36mStream Load (0.2ms)[0m  [1m[34mSELECT "streams".* FROM "streams" WHERE "streams"."id" = ? LIMIT ?[0m  [["id", 7], ["LIMIT", 1]]
  ↳ app/controllers/movies_controller.rb:4:in `index'
  [1m[36mStream Load (0.1ms)[0m  [1m[34mSELECT "streams".* FROM "streams" WHERE "streams"."name" = ? LIMIT ?[0m  [["name", "starz"], ["LIMIT", 1]]
  ↳ app/models/scraper.rb:6:in `get_movies'
Completed 200 OK in 1191ms (Views: 0.3ms | ActiveRecord: 0.3ms | Allocations: 22561)


Started GET "/streams/7/movies" for ::1 at 2020-02-28 13:37:09 -0500
  [1m[35m (0.1ms)[0m  [1m[34mSELECT sqlite_version(*)[0m
Processing by MoviesController#index as HTML
  Parameters: {"stream_id"=>"7"}
  [1m[36mStream Load (0.1ms)[0m  [1m[34mSELECT "streams".* FROM "streams" WHERE "streams"."id" = ? LIMIT ?[0m  [["id", 7], ["LIMIT", 1]]
  ↳ app/controllers/movies_controller.rb:4:in `index'
  [1m[36mStream Load (0.2ms)[0m  [1m[34mSELECT "streams".* FROM "streams" WHERE "streams"."name" = ? LIMIT ?[0m  [["name", "starz"], ["LIMIT", 1]]
  ↳ app/models/scraper.rb:6:in `get_movies'
Completed 200 OK in 1058ms (Views: 0.3ms | ActiveRecord: 1.8ms | Allocations: 32396)


Started GET "/streams/8/movies" for ::1 at 2020-02-28 13:37:15 -0500
Processing by MoviesController#index as HTML
  Parameters: {"stream_id"=>"8"}
  [1m[36mStream Load (0.2ms)[0m  [1m[34mSELECT "streams".* FROM "streams" WHERE "streams"."id" = ? LIMIT ?[0m  [["id", 8], ["LIMIT", 1]]
  ↳ app/controllers/movies_controller.rb:4:in `index'
  [1m[36mStream Load (0.1ms)[0m  [1m[34mSELECT "streams".* FROM "streams" WHERE "streams"."name" = ? LIMIT ?[0m  [["name", "cinimax"], ["LIMIT", 1]]
  ↳ app/models/scraper.rb:6:in `get_movies'
Completed 200 OK in 1110ms (Views: 0.2ms | ActiveRecord: 0.4ms | Allocations: 22755)


Started GET "/streams" for ::1 at 2020-02-28 14:09:22 -0500
  [1m[35m (0.1ms)[0m  [1m[34mSELECT sqlite_version(*)[0m
Processing by StreamsController#index as HTML
  [1m[36mStream Load (0.5ms)[0m  [1m[34mSELECT "streams".* FROM "streams"[0m
  ↳ app/controllers/streams_controller.rb:4:in `index'
Completed 200 OK in 43ms (Views: 37.7ms | ActiveRecord: 0.5ms | Allocations: 5632)


Started GET "/streams/8/movies" for ::1 at 2020-02-28 14:09:26 -0500
Processing by MoviesController#index as HTML
  Parameters: {"stream_id"=>"8"}
  [1m[36mStream Load (0.2ms)[0m  [1m[34mSELECT "streams".* FROM "streams" WHERE "streams"."id" = ? LIMIT ?[0m  [["id", 8], ["LIMIT", 1]]
  ↳ app/controllers/movies_controller.rb:4:in `index'
  [1m[36mStream Load (0.1ms)[0m  [1m[34mSELECT "streams".* FROM "streams" WHERE "streams"."name" = ? LIMIT ?[0m  [["name", "cinimax"], ["LIMIT", 1]]
  ↳ app/models/scraper.rb:6:in `get_movies'
Completed 200 OK in 2352ms (Views: 0.3ms | ActiveRecord: 0.3ms | Allocations: 29657)


Started GET "/streams/6/movies" for ::1 at 2020-02-28 14:09:35 -0500
Processing by MoviesController#index as HTML
  Parameters: {"stream_id"=>"6"}
  [1m[36mStream Load (0.1ms)[0m  [1m[34mSELECT "streams".* FROM "streams" WHERE "streams"."id" = ? LIMIT ?[0m  [["id", 6], ["LIMIT", 1]]
  ↳ app/controllers/movies_controller.rb:4:in `index'
  [1m[36mStream Load (0.3ms)[0m  [1m[34mSELECT "streams".* FROM "streams" WHERE "streams"."name" = ? LIMIT ?[0m  [["name", "showtime"], ["LIMIT", 1]]
  ↳ app/models/scraper.rb:6:in `get_movies'
Completed 200 OK in 1307ms (Views: 0.2ms | ActiveRecord: 0.4ms | Allocations: 6556)


Started GET "/streams/7/movies" for ::1 at 2020-02-28 14:09:43 -0500
Processing by MoviesController#index as HTML
  Parameters: {"stream_id"=>"7"}
  [1m[36mStream Load (0.3ms)[0m  [1m[34mSELECT "streams".* FROM "streams" WHERE "streams"."id" = ? LIMIT ?[0m  [["id", 7], ["LIMIT", 1]]
  ↳ app/controllers/movies_controller.rb:4:in `index'
  [1m[36mStream Load (0.1ms)[0m  [1m[34mSELECT "streams".* FROM "streams" WHERE "streams"."name" = ? LIMIT ?[0m  [["name", "starz"], ["LIMIT", 1]]
  ↳ app/models/scraper.rb:6:in `get_movies'
Completed 200 OK in 1993ms (Views: 0.2ms | ActiveRecord: 0.4ms | Allocations: 24467)


